<?xml version="1.0" encoding="UTF-8"?>
<!-- Generated by org.testng.reporters.JUnitReportReporter -->
<testsuite hostname="THARUN" failures="0" tests="1" name="com.testscipts.TS001" time="13.712" errors="0" timestamp="5 Apr 2023 10:10:04 GMT">
  <testcase classname="com.testscipts.TS001" name="tc001" time="13.712"/>
</testsuite> <!-- com.testscipts.TS001 -->
