<?xml version="1.0" encoding="UTF-8"?>
<!-- Generated by org.testng.reporters.JUnitReportReporter -->
<testsuite hostname="THARUN" failures="0" tests="1" name="com.testscipts.TS002" time="13.579" errors="0" timestamp="5 Apr 2023 10:10:04 GMT">
  <testcase classname="com.testscipts.TS002" name="ts002" time="13.579"/>
</testsuite> <!-- com.testscipts.TS002 -->
